
┌───────────────────────────────────────────────────────────────────────────────────────────────────────┐
│                                                                                                       │
│                                                                                                       │
│                                                                              ⢀⠔⠁                      │
│                                                                            ⣠⡞⠁                        │
│                                              ⣀⣀⣤⣤⣤⣤⣤⣤⣤⣤⣤⣤⣀⣀⣀⣀⣀⣀⣀⣤⣤⡴⠒    ⢀⣠⡾⠋                          │
│                                         ⢀⣤⣶⣾88888888888888888888⠿⠋    ⢀⣴8⡟⠁                           │
│                                      ⢀⣤⣾88888⡿⠿⠛⠛⠛⠛⠛⠛⠛⠛⠻⠿88888⠟⠁    ⣠⣾88⡟                             │
│                                    ⢀⣴88888⠟⠋⠁ ⣀⣤⠤⠶⠶⠶⠶⠶⠤⣤⣀ ⠉⠉⠉    ⢀⣴⣾888⡟                              │
│                                   ⣠88888⠋  ⣠⠶⠋⠉         ⠉⠙⠶⣄   ⢀⣴888888⠃                              │
│                                  ⣰8888⡟⠁ ⣰⠟⠁               ⠈⠻⣆ ⠈⢿888888                               │
│                                 ⢠8888⡟  ⡼⠁                   ⠈⢧ ⠈⢿8888⡿                               │
│                                 ⣼8888⠁ ⢸⠇                     ⠸⡇ ⠘8888⣷                               │
│                                 88888  8                       8  88888                               │
│                                 ⢿8888⡄ ⢸⡆                     ⢰⡇ ⢀8888⡟                               │
│                                 ⣾8888⣷⡀ ⢳⡀                   ⢀⡞  ⣼8888⠃                               │
│                                 888888⣷⡀ ⠹⣦⡀               ⢀⣴⠏ ⢀⣼8888⠏                                │
│                                ⢠888888⠟⠁   ⠙⠶⣄⣀         ⣀⣠⠶⠋  ⣠88888⠋                                 │
│                                ⣼888⡿⠟⠁    ⣀⣀⣀ ⠉⠛⠒⠶⠶⠶⠶⠶⠒⠛⠉ ⢀⣠⣴88888⠟⠁                                  │
│                               ⣼88⡿⠋    ⢀⣴88888⣶⣦⣤⣤⣤⣤⣤⣤⣤⣤⣶⣾88888⡿⠛⠁                                    │
│                             ⢀⣼8⠟⠁    ⣠⣶88888888888888888888⡿⠿⠛⠁                                       │
│                            ⣠⡾⠋⠁    ⠤⠞⠛⠛⠉⠉⠉⠉⠉⠉⠉⠛⠛⠛⠛⠛⠛⠛⠛⠛⠛⠉⠉                                            │
│                          ⢀⡼⠋                                                                          │
│                        ⢀⠔⠁                                                                            │
│                                                                                                       │
│                                                                                                       │
│  .d8888b.                                     888    d8b                        8888888b.  888888b.   │
│ d88P  Y88b                                    888    Y8P                        888  "Y88b 888  "88b  │
│ Y88b.                                         888                               888    888 888  .88P  │
│  "Y888b.   88888b.   8888b.   .d8888b .d88b.  888888 888 88888b.d88b.   .d88b.  888    888 8888888K.  │
│     "Y88b. 888 "88b     "88b d88P"   d8P  Y8b 888    888 888 "888 "88b d8P  Y8b 888    888 888  "Y88b │
│       "888 888  888 .d888888 888     88888888 888    888 888  888  888 88888888 888    888 888    888 │
│ Y88b  d88P 888 d88P 888  888 Y88b.   Y8b.     Y88b.  888 888  888  888 Y8b.     888  .d88P 888   d88P │
│  "Y8888P"  88888P"  "Y888888  "Y8888P "Y8888   "Y888 888 888  888  888  "Y8888  8888888P"  8888888P"  │
│            888                                                                                        │
│            888                                                                                        │
│            888                                                                                        │
│                                  "Multiplayer at the speed of light"                                  │
└───────────────────────────────────────────────────────────────────────────────────────────────────────┘
    
spacetimedb-standalone.exe version: 2.0.1
spacetimedb-standalone.exe path: C:\Users\Asus\AppData\Local\SpacetimeDB\bin\current\spacetimedb-standalone.exe
database running in data directory C:\Users\Asus\AppData\Local\SpacetimeDB\data
